<?xml version="1.0" encoding="UTF-8"?>
<!-- Generated by org.testng.reporters.JUnitReportReporter -->
<testsuite skipped="0" hostname="ENGLON146394L" name="testNGpackage.TestNgAnnotations" tests="1" failures="0" timestamp="2020-02-18T16:45:59 CET" time="0.013" errors="0">
  <testcase name="TestCase" time="0.013" classname="testNGpackage.TestNgAnnotations"/>
  <system-out/>
</testsuite> <!-- testNGpackage.TestNgAnnotations -->
